  FaceTracking.cpp
f:\projects\project_misc\facetracking\facetracking\facetracking.h(5): error C2871: 'cv': a namespace with this name does not exist
f:\projects\project_misc\facetracking\facetracking\facetracking.h(19): error C2039: 'vector': is not a member of 'std'
  c:\program files (x86)\microsoft visual studio\2017\community\vc\tools\msvc\14.16.27023\include\iostream(14): note: see declaration of 'std'
f:\projects\project_misc\facetracking\facetracking\facetracking.h(19): error C2061: syntax error: identifier 'vector'
f:\projects\project_misc\facetracking\facetracking\facetracking.h(23): error C2653: 'cv': is not a class or namespace name
f:\projects\project_misc\facetracking\facetracking\facetracking.h(23): error C2061: syntax error: identifier 'Mat'
f:\projects\project_misc\facetracking\facetracking\facetracking.cpp(8): error C2871: 'cv': a namespace with this name does not exist
f:\projects\project_misc\facetracking\facetracking\facetracking.cpp(14): error C2653: 'cv': is not a class or namespace name
f:\projects\project_misc\facetracking\facetracking\facetracking.cpp(14): error C4430: missing type specifier - int assumed. Note: C++ does not support default-int
f:\projects\project_misc\facetracking\facetracking\facetracking.cpp(14): error C2146: syntax error: missing ';' before identifier 'stream'
f:\projects\project_misc\facetracking\facetracking\facetracking.cpp(15): error C2653: 'cv': is not a class or namespace name
f:\projects\project_misc\facetracking\facetracking\facetracking.cpp(15): error C4430: missing type specifier - int assumed. Note: C++ does not support default-int
f:\projects\project_misc\facetracking\facetracking\facetracking.cpp(15): error C2146: syntax error: missing ';' before identifier 'faceCascade'
f:\projects\project_misc\facetracking\facetracking\facetracking.cpp(17): error C2653: 'cv': is not a class or namespace name
f:\projects\project_misc\facetracking\facetracking\facetracking.cpp(17): error C2065: 'Mat': undeclared identifier
f:\projects\project_misc\facetracking\facetracking\facetracking.cpp(17): error C2065: 'frame': undeclared identifier
f:\projects\project_misc\facetracking\facetracking\facetracking.cpp(17): error C2761: 'void FaceTracking::FaceTracker::getFrame(void)': redeclaration of member is not allowed
f:\projects\project_misc\facetracking\facetracking\facetracking.cpp(18): error C2448: 'FaceTracking::FaceTracker::getFrame': function-style initializer appears to be a function definition
f:\projects\project_misc\facetracking\facetracking\facetracking.cpp(30): error C2653: 'cv': is not a class or namespace name
f:\projects\project_misc\facetracking\facetracking\facetracking.cpp(30): error C2065: 'CAP_PROP_FRAME_WIDTH': undeclared identifier
f:\projects\project_misc\facetracking\facetracking\facetracking.cpp(31): error C2653: 'cv': is not a class or namespace name
f:\projects\project_misc\facetracking\facetracking\facetracking.cpp(31): error C2065: 'CAP_PROP_FRAME_HEIGHT': undeclared identifier
f:\projects\project_misc\facetracking\facetracking\facetracking.cpp(40): error C2653: 'cv': is not a class or namespace name
f:\projects\project_misc\facetracking\facetracking\facetracking.cpp(40): error C2065: 'Mat': undeclared identifier
f:\projects\project_misc\facetracking\facetracking\facetracking.cpp(40): error C2146: syntax error: missing ';' before identifier 'frame'
f:\projects\project_misc\facetracking\facetracking\facetracking.cpp(40): error C2065: 'frame': undeclared identifier
f:\projects\project_misc\facetracking\facetracking\facetracking.cpp(41): error C2065: 'frame': undeclared identifier
f:\projects\project_misc\facetracking\facetracking\facetracking.cpp(43): error C2065: 'frame': undeclared identifier
f:\projects\project_misc\facetracking\facetracking\facetracking.cpp(47): error C2065: 'frame': undeclared identifier
f:\projects\project_misc\facetracking\facetracking\facetracking.cpp(48): error C2065: 'height': undeclared identifier
f:\projects\project_misc\facetracking\facetracking\facetracking.cpp(48): error C2065: 'frame': undeclared identifier
f:\projects\project_misc\facetracking\facetracking\facetracking.cpp(59): error C2039: 'vector': is not a member of 'std'
  c:\program files (x86)\microsoft visual studio\2017\community\vc\tools\msvc\14.16.27023\include\iostream(14): note: see declaration of 'std'
f:\projects\project_misc\facetracking\facetracking\facetracking.cpp(59): error C2065: 'vector': undeclared identifier
f:\projects\project_misc\facetracking\facetracking\facetracking.cpp(59): error C2065: 'uchar': undeclared identifier
f:\projects\project_misc\facetracking\facetracking\facetracking.cpp(59): error C2065: 'buffer': undeclared identifier
f:\projects\project_misc\facetracking\facetracking\facetracking.cpp(59): error C2761: 'void FaceTracking::FaceTracker::trackingUpdate(void)': redeclaration of member is not allowed
f:\projects\project_misc\facetracking\facetracking\facetracking.cpp(60): error C2448: 'FaceTracking::FaceTracker::trackingUpdate': function-style initializer appears to be a function definition
