  FaceTracking.cpp
f:\projects\project_misc\facetracking\facetracking\facetracking.cpp(80): warning C4244: 'argument': conversion from 'double' to '_Tp', possible loss of data
          with
          [
              _Tp=int
          ]
f:\projects\project_misc\facetracking\facetracking\facetracking.cpp(79): warning C4244: 'argument': conversion from 'double' to '_Tp', possible loss of data
          with
          [
              _Tp=int
          ]
f:\projects\project_misc\facetracking\facetracking\facetracking.cpp(87): warning C4244: 'argument': conversion from 'double' to '_Tp', possible loss of data
          with
          [
              _Tp=int
          ]
f:\projects\project_misc\facetracking\facetracking\facetracking.cpp(86): warning C4244: 'argument': conversion from 'double' to '_Tp', possible loss of data
          with
          [
              _Tp=int
          ]
  FaceTracking.vcxproj -> F:\PROJECTS\PROJECT_MISC\FaceTracking\x64\Release\FaceTracking.lib
