  stdafx.cpp
  dllmain.cpp
  FaceTracker.cpp
f:\projects\project_repos\sdjack\ue4-face-tracker\source\facetracker\facetracker.cpp(94): warning C4244: 'argument': conversion from 'double' to '_Tp', possible loss of data
          with
          [
              _Tp=int
          ]
f:\projects\project_repos\sdjack\ue4-face-tracker\source\facetracker\facetracker.cpp(93): warning C4244: 'argument': conversion from 'double' to '_Tp', possible loss of data
          with
          [
              _Tp=int
          ]
f:\projects\project_repos\sdjack\ue4-face-tracker\source\facetracker\facetracker.cpp(101): warning C4244: 'argument': conversion from 'double' to '_Tp', possible loss of data
          with
          [
              _Tp=int
          ]
f:\projects\project_repos\sdjack\ue4-face-tracker\source\facetracker\facetracker.cpp(100): warning C4244: 'argument': conversion from 'double' to '_Tp', possible loss of data
          with
          [
              _Tp=int
          ]
  Generating Code...
     Creating library F:\PROJECTS\PROJECT_REPOS\sdjack\UE4-Face-Tracker\source\x64\Debug\FaceTracker.lib and object F:\PROJECTS\PROJECT_REPOS\sdjack\UE4-Face-Tracker\source\x64\Debug\FaceTracker.exp
  FaceTracker.vcxproj -> F:\PROJECTS\PROJECT_REPOS\sdjack\UE4-Face-Tracker\source\x64\Debug\FaceTracker.dll
